c:\users\luis\desktop\segundo ciclo 2019\pa\primer_proyecto_marianagonzalez_1097019\primer_proyecto_marianagonzalez_1097019\debug\vc141.pdb
c:\users\luis\desktop\segundo ciclo 2019\pa\primer_proyecto_marianagonzalez_1097019\primer_proyecto_marianagonzalez_1097019\debug\pila.obj
c:\users\luis\desktop\segundo ciclo 2019\pa\primer_proyecto_marianagonzalez_1097019\primer_proyecto_marianagonzalez_1097019\debug\nodo.obj
c:\users\luis\desktop\segundo ciclo 2019\pa\primer_proyecto_marianagonzalez_1097019\primer_proyecto_marianagonzalez_1097019\debug\myform.obj
c:\users\luis\desktop\segundo ciclo 2019\pa\primer_proyecto_marianagonzalez_1097019\primer_proyecto_marianagonzalez_1097019\debug\cola.obj
c:\users\luis\desktop\segundo ciclo 2019\pa\primer_proyecto_marianagonzalez_1097019\primer_proyecto_marianagonzalez_1097019\debug\.netframework,version=v4.5.2.assemblyattributes.obj
c:\users\luis\desktop\segundo ciclo 2019\pa\primer_proyecto_marianagonzalez_1097019\primer_proyecto_marianagonzalez_1097019\debug\.netframework,version=v4.5.2.assemblyattributes.asm
c:\users\luis\desktop\segundo ciclo 2019\pa\primer_proyecto_marianagonzalez_1097019\debug\primer_proyecto_marianagonzalez_1097019.exe
c:\users\luis\desktop\segundo ciclo 2019\pa\primer_proyecto_marianagonzalez_1097019\debug\primer_proyecto_marianagonzalez_1097019.pdb
c:\users\luis\desktop\segundo ciclo 2019\pa\primer_proyecto_marianagonzalez_1097019\primer_proyecto_marianagonzalez_1097019\debug\primerproyectomarianagonzalez1097019.myform.resources
c:\users\luis\desktop\segundo ciclo 2019\pa\primer_proyecto_marianagonzalez_1097019\primer_proyecto_marianagonzalez_1097019\debug\primer_proyecto_marianagonzalez_1097019.vcxproj.generateresource.cache
c:\users\luis\desktop\segundo ciclo 2019\pa\primer_proyecto_marianagonzalez_1097019\primer_proyecto_marianagonzalez_1097019\debug\primer_proyecto_marianagonzalez_1097019.vcxprojassemblyreference.cache
c:\users\luis\desktop\segundo ciclo 2019\pa\primer_proyecto_marianagonzalez_1097019\primer_proyecto_marianagonzalez_1097019\debug\primer_p.1eb15b1a.tlog\cl.command.1.tlog
c:\users\luis\desktop\segundo ciclo 2019\pa\primer_proyecto_marianagonzalez_1097019\primer_proyecto_marianagonzalez_1097019\debug\primer_p.1eb15b1a.tlog\cl.read.1.tlog
c:\users\luis\desktop\segundo ciclo 2019\pa\primer_proyecto_marianagonzalez_1097019\primer_proyecto_marianagonzalez_1097019\debug\primer_p.1eb15b1a.tlog\cl.write.1.tlog
c:\users\luis\desktop\segundo ciclo 2019\pa\primer_proyecto_marianagonzalez_1097019\primer_proyecto_marianagonzalez_1097019\debug\primer_p.1eb15b1a.tlog\link.command.1.tlog
c:\users\luis\desktop\segundo ciclo 2019\pa\primer_proyecto_marianagonzalez_1097019\primer_proyecto_marianagonzalez_1097019\debug\primer_p.1eb15b1a.tlog\link.read.1.tlog
c:\users\luis\desktop\segundo ciclo 2019\pa\primer_proyecto_marianagonzalez_1097019\primer_proyecto_marianagonzalez_1097019\debug\primer_p.1eb15b1a.tlog\link.write.1.tlog
c:\users\luis\desktop\segundo ciclo 2019\pa\primer_proyecto_marianagonzalez_1097019\primer_proyecto_marianagonzalez_1097019\debug\primer_p.1eb15b1a.tlog\metagen.read.1.tlog
c:\users\luis\desktop\segundo ciclo 2019\pa\primer_proyecto_marianagonzalez_1097019\primer_proyecto_marianagonzalez_1097019\debug\primer_p.1eb15b1a.tlog\metagen.write.1.tlog
c:\users\luis\desktop\segundo ciclo 2019\pa\primer_proyecto_marianagonzalez_1097019\primer_proyecto_marianagonzalez_1097019\debug\primer_p.1eb15b1a.tlog\primer_proyecto_marianagonzalez_1097019.write.1u.tlog
